{"level":"warn","message":"Requested route /register with GET method is not implemented"}
{"level":"warn","message":"Requested route /favicon.ico with GET method is not implemented"}
{"level":"warn","message":"Requested route /register with GET method is not implemented"}
{"level":"warn","message":"Requested route /favicon.ico with GET method is not implemented"}
{"level":"warn","message":"Requested route /register with GET method is not implemented"}
{"level":"warn","message":"Requested route /favicon.ico with GET method is not implemented"}
{"level":"warn","message":"Requested route /register with GET method is not implemented"}
{"level":"warn","message":"Requested route /favicon.ico with GET method is not implemented"}
{"level":"warn","message":"Requested route /register with GET method is not implemented"}
{"level":"warn","message":"Requested route /favicon.ico with GET method is not implemented"}
{"level":"warn","message":"Requested route /register with GET method is not implemented"}
{"level":"warn","message":"Requested route /favicon.ico with GET method is not implemented"}
{"level":"warn","message":"Requested route /register with GET method is not implemented"}
{"level":"warn","message":"Requested route /favicon.ico with GET method is not implemented"}
{"level":"warn","message":"Requested route /qwe with GET method is not implemented"}
{"level":"warn","message":"Requested route /tenis with GET method is not implemented"}
{"level":"warn","message":"Requested route /logout? with GET method is not implemented"}
{"level":"warn","message":"Requested route /favicon.ico with GET method is not implemented"}
{"level":"warn","message":"Requested route /qwe with GET method is not implemented"}
{"level":"warn","message":"Requested route /tenis with GET method is not implemented"}
{"level":"warn","message":"Requested route /logout? with GET method is not implemented"}
{"level":"warn","message":"Requested route /favicon.ico with GET method is not implemented"}
{"level":"warn","message":"Requested route /qwe with GET method is not implemented"}
{"level":"warn","message":"Requested route /tenis with GET method is not implemented"}
{"level":"warn","message":"Requested route /qwe with GET method is not implemented"}
{"level":"warn","message":"Requested route /tenis with GET method is not implemented"}
{"level":"warn","message":"Requested route /logout? with GET method is not implemented"}
{"level":"warn","message":"Requested route /favicon.ico with GET method is not implemented"}
{"level":"warn","message":"Requested route /qwe with GET method is not implemented"}
{"level":"warn","message":"Requested route /tenis with GET method is not implemented"}
{"level":"warn","message":"Requested route /qwe with GET method is not implemented"}
{"level":"warn","message":"Requested route /tenis with GET method is not implemented"}
{"level":"warn","message":"Requested route /logout? with GET method is not implemented"}
{"level":"warn","message":"Requested route /favicon.ico with GET method is not implemented"}
{"level":"warn","message":"Requested route /qwe with GET method is not implemented"}
{"level":"warn","message":"Requested route /tenis with GET method is not implemented"}
{"level":"warn","message":"Requested route /qwe with GET method is not implemented"}
{"level":"warn","message":"Requested route /tenis with GET method is not implemented"}
{"level":"warn","message":"Requested route /info with GET method is not implemented"}
{"level":"warn","message":"Requested route /favicon.ico with GET method is not implemented"}
{"level":"warn","message":"Requested route /info with GET method is not implemented"}
{"level":"warn","message":"Requested route /favicon.ico with GET method is not implemented"}
{"level":"warn","message":"Requested route /tenis with GET method is not implemented"}
{"level":"warn","message":"Requested route /qwe with GET method is not implemented"}
{"level":"warn","message":"Requested route /logout? with GET method is not implemented"}
{"level":"warn","message":"Requested route /tenis with GET method is not implemented"}
{"level":"warn","message":"Requested route /qwe with GET method is not implemented"}
{"level":"warn","message":"Requested route /tenis with GET method is not implemented"}
{"level":"warn","message":"Requested route /qwe with GET method is not implemented"}
{"level":"warn","message":"Requested route /qwe with GET method is not implemented"}
{"level":"warn","message":"Requested route /tenis with GET method is not implemented"}
{"level":"warn","message":"Requested route /qwe with GET method is not implemented"}
{"level":"warn","message":"Requested route /tenis with GET method is not implemented"}
{"level":"warn","message":"Requested route /qwe with GET method is not implemented"}
{"level":"warn","message":"Requested route /tenis with GET method is not implemented"}
{"level":"warn","message":"Requested route /tenis with GET method is not implemented"}
{"level":"warn","message":"Requested route /qwe with GET method is not implemented"}
{"level":"warn","message":"Requested route /qwe with GET method is not implemented"}
{"level":"warn","message":"Requested route /tenis with GET method is not implemented"}
{"level":"warn","message":"Requested route /qwe with GET method is not implemented"}
{"level":"warn","message":"Requested route /tenis with GET method is not implemented"}
{"level":"warn","message":"Requested route /qwe with GET method is not implemented"}
{"level":"warn","message":"Requested route /tenis with GET method is not implemented"}
{"level":"warn","message":"Requested route /qwe with GET method is not implemented"}
{"level":"warn","message":"Requested route /tenis with GET method is not implemented"}
{"level":"warn","message":"Requested route /qwe with GET method is not implemented"}
{"level":"warn","message":"Requested route /tenis with GET method is not implemented"}
{"level":"warn","message":"Requested route /qwe with GET method is not implemented"}
{"level":"warn","message":"Requested route /tenis with GET method is not implemented"}
{"level":"warn","message":"Requested route /api/productos-test with GET method is not implemented"}
{"level":"warn","message":"Requested route /qwe with GET method is not implemented"}
{"level":"warn","message":"Requested route /tenis with GET method is not implemented"}
{"level":"warn","message":"Requested route /tenis with GET method is not implemented"}
{"level":"warn","message":"Requested route /qwe with GET method is not implemented"}
{"level":"warn","message":"Requested route /qwe with GET method is not implemented"}
{"level":"warn","message":"Requested route /tenis with GET method is not implemented"}
{"level":"warn","message":"Requested route /api/randoms?cant=122220 with GET method is not implemented"}
{"level":"warn","message":"Requested route /api/randoms with GET method is not implemented"}

{"level":"warn","message":"Requested route /login/asd with GET method is not implemented"}
{"level":"warn","message":"Requested route /favicon.ico with GET method is not implemented"}
{"level":"warn","message":"Requested route /login/as with GET method is not implemented"}
{"level":"warn","message":"Requested route /favicon.ico with GET method is not implemented"}
{"level":"warn","message":"Requested route /tenis with GET method is not implemented"}
{"level":"warn","message":"Requested route /qwe with GET method is not implemented"}
